{"numFailedTestSuites":0,"numFailedTests":0,"numPassedTestSuites":9,"numPassedTests":45,"numPendingTestSuites":0,"numPendingTests":0,"numRuntimeErrorTestSuites":0,"numTodoTests":0,"numTotalTestSuites":9,"numTotalTests":45,"openHandles":[],"snapshot":{"added":0,"didUpdate":false,"failure":false,"filesAdded":0,"filesRemoved":0,"filesRemovedList":[],"filesUnmatched":0,"filesUpdated":0,"matched":0,"total":0,"unchecked":0,"uncheckedKeysByFile":[],"unmatched":0,"updated":0},"startTime":1755977758315,"success":true,"testResults":[{"assertionResults":[{"ancestorTitles":["Button: "],"duration":77,"failureDetails":[],"failureMessages":[],"fullName":"Button:  Should have text equal to the button text prop","invocations":1,"location":null,"numPassingAsserts":1,"retryReasons":[],"status":"passed","title":"Should have text equal to the button text prop"},{"ancestorTitles":["Button: "],"duration":7,"failureDetails":[],"failureMessages":[],"fullName":"Button:  Should have classes bg-custom-blue ring-custom-blue if variant prop was not passed","invocations":1,"location":null,"numPassingAsserts":1,"retryReasons":[],"status":"passed","title":"Should have classes bg-custom-blue ring-custom-blue if variant prop was not passed"},{"ancestorTitles":["Button: "],"duration":6,"failureDetails":[],"failureMessages":[],"fullName":"Button:  Should have class bg-custom-blue ring-custom-blue if variant prop is equal to primary","invocations":1,"location":null,"numPassingAsserts":1,"retryReasons":[],"status":"passed","title":"Should have class bg-custom-blue ring-custom-blue if variant prop is equal to primary"},{"ancestorTitles":["Button: "],"duration":5,"failureDetails":[],"failureMessages":[],"fullName":"Button:  Should not display svg is icon prop is undefined","invocations":1,"location":null,"numPassingAsserts":1,"retryReasons":[],"status":"passed","title":"Should not display svg is icon prop is undefined"},{"ancestorTitles":["Button: "],"duration":12,"failureDetails":[],"failureMessages":[],"fullName":"Button:  Should display svg is icon prop is codeIcon","invocations":1,"location":null,"numPassingAsserts":1,"retryReasons":[],"status":"passed","title":"Should display svg is icon prop is codeIcon"},{"ancestorTitles":["Button: "],"duration":5,"failureDetails":[],"failureMessages":[],"fullName":"Button:  Should display svg is icon prop is webIcon","invocations":1,"location":null,"numPassingAsserts":1,"retryReasons":[],"status":"passed","title":"Should display svg is icon prop is webIcon"}],"endTime":1755977769905,"message":"","name":"C:\\Users\\xanoo\\OneDrive\\Pulpit\\Front-End\\development\\portfolio-react\\src\\components\\Button\\Button.test.tsx","startTime":1755977760501,"status":"passed","summary":""},{"assertionResults":[{"ancestorTitles":["DownloadFileButton: "],"duration":90,"failureDetails":[],"failureMessages":[],"fullName":"DownloadFileButton:  Should have text equal to the DownloadFileButton text prop","invocations":1,"location":null,"numPassingAsserts":1,"retryReasons":[],"status":"passed","title":"Should have text equal to the DownloadFileButton text prop"},{"ancestorTitles":["DownloadFileButton: "],"duration":10,"failureDetails":[],"failureMessages":[],"fullName":"DownloadFileButton:  Should have classes bg-custom-blue ring-custom-blue if variant prop was not passed","invocations":1,"location":null,"numPassingAsserts":1,"retryReasons":[],"status":"passed","title":"Should have classes bg-custom-blue ring-custom-blue if variant prop was not passed"},{"ancestorTitles":["DownloadFileButton: "],"duration":7,"failureDetails":[],"failureMessages":[],"fullName":"DownloadFileButton:  Should have class bg-custom-blue ring-custom-blue if variant prop is equal to primary","invocations":1,"location":null,"numPassingAsserts":1,"retryReasons":[],"status":"passed","title":"Should have class bg-custom-blue ring-custom-blue if variant prop is equal to primary"},{"ancestorTitles":["DownloadFileButton: "],"duration":15,"failureDetails":[],"failureMessages":[],"fullName":"DownloadFileButton:  Should display svg","invocations":1,"location":null,"numPassingAsserts":1,"retryReasons":[],"status":"passed","title":"Should display svg"}],"endTime":1755977769924,"message":"","name":"C:\\Users\\xanoo\\OneDrive\\Pulpit\\Front-End\\development\\portfolio-react\\src\\components\\DownloadFileButton\\DownloadFileButton.test.tsx","startTime":1755977760495,"status":"passed","summary":""},{"assertionResults":[{"ancestorTitles":["Badge: "],"duration":102,"failureDetails":[],"failureMessages":[],"fullName":"Badge:  Should have text equal to the badge text prop","invocations":1,"location":null,"numPassingAsserts":1,"retryReasons":[],"status":"passed","title":"Should have text equal to the badge text prop"},{"ancestorTitles":["Badge: "],"duration":12,"failureDetails":[],"failureMessages":[],"fullName":"Badge:  Should have classes bg-slate-900 text-slate-400 if variant prop was not passed","invocations":1,"location":null,"numPassingAsserts":1,"retryReasons":[],"status":"passed","title":"Should have classes bg-slate-900 text-slate-400 if variant prop was not passed"},{"ancestorTitles":["Badge: "],"duration":15,"failureDetails":[],"failureMessages":[],"fullName":"Badge:  Should have classes bg-slate-900 text-slate-400 if variant prop is equal to main","invocations":1,"location":null,"numPassingAsserts":1,"retryReasons":[],"status":"passed","title":"Should have classes bg-slate-900 text-slate-400 if variant prop is equal to main"},{"ancestorTitles":["Badge: "],"duration":7,"failureDetails":[],"failureMessages":[],"fullName":"Badge:  Should have classes bg-custom-pink text-white if variant prop is equal to pink","invocations":1,"location":null,"numPassingAsserts":1,"retryReasons":[],"status":"passed","title":"Should have classes bg-custom-pink text-white if variant prop is equal to pink"},{"ancestorTitles":["Badge: "],"duration":20,"failureDetails":[],"failureMessages":[],"fullName":"Badge:  Should have classes text-xs font-medium px-2.5 py-1 if size prop was not passed","invocations":1,"location":null,"numPassingAsserts":1,"retryReasons":[],"status":"passed","title":"Should have classes text-xs font-medium px-2.5 py-1 if size prop was not passed"},{"ancestorTitles":["Badge: "],"duration":8,"failureDetails":[],"failureMessages":[],"fullName":"Badge:  Should have classes text-xs font-medium px-2.5 py-1 if size prop is equal sm","invocations":1,"location":null,"numPassingAsserts":1,"retryReasons":[],"status":"passed","title":"Should have classes text-xs font-medium px-2.5 py-1 if size prop is equal sm"},{"ancestorTitles":["Badge: "],"duration":5,"failureDetails":[],"failureMessages":[],"fullName":"Badge:  Should have classes text-sm font-lg px-4 py-1.5 if size prop is equal lg","invocations":1,"location":null,"numPassingAsserts":1,"retryReasons":[],"status":"passed","title":"Should have classes text-sm font-lg px-4 py-1.5 if size prop is equal lg"}],"endTime":1755977770001,"message":"","name":"C:\\Users\\xanoo\\OneDrive\\Pulpit\\Front-End\\development\\portfolio-react\\src\\components\\Badge\\Badge.test.tsx","startTime":1755977760522,"status":"passed","summary":""},{"assertionResults":[{"ancestorTitles":["ExperienceSection: "],"duration":75,"failureDetails":[],"failureMessages":[],"fullName":"ExperienceSection:  Should have title equal to the title prop","invocations":1,"location":null,"numPassingAsserts":1,"retryReasons":[],"status":"passed","title":"Should have title equal to the title prop"},{"ancestorTitles":["ExperienceSection: "],"duration":14,"failureDetails":[],"failureMessages":[],"fullName":"ExperienceSection:  Should have text equal to the text prop","invocations":1,"location":null,"numPassingAsserts":1,"retryReasons":[],"status":"passed","title":"Should have text equal to the text prop"},{"ancestorTitles":["ExperienceSection: "],"duration":19,"failureDetails":[],"failureMessages":[],"fullName":"ExperienceSection:  Should display ol if list prop length > 0","invocations":1,"location":null,"numPassingAsserts":1,"retryReasons":[],"status":"passed","title":"Should display ol if list prop length > 0"},{"ancestorTitles":["ExperienceSection: "],"duration":15,"failureDetails":[],"failureMessages":[],"fullName":"ExperienceSection:  Should display ul if list prop has responsibilities array with strings","invocations":1,"location":null,"numPassingAsserts":1,"retryReasons":[],"status":"passed","title":"Should display ul if list prop has responsibilities array with strings"},{"ancestorTitles":["ExperienceSection: "],"duration":12,"failureDetails":[],"failureMessages":[],"fullName":"ExperienceSection:  Should display title string from list prop","invocations":1,"location":null,"numPassingAsserts":1,"retryReasons":[],"status":"passed","title":"Should display title string from list prop"},{"ancestorTitles":["ExperienceSection: "],"duration":13,"failureDetails":[],"failureMessages":[],"fullName":"ExperienceSection:  Should display date string from list prop","invocations":1,"location":null,"numPassingAsserts":1,"retryReasons":[],"status":"passed","title":"Should display date string from list prop"},{"ancestorTitles":["ExperienceSection: "],"duration":8,"failureDetails":[],"failureMessages":[],"fullName":"ExperienceSection:  Should display responsibility string from list prop","invocations":1,"location":null,"numPassingAsserts":1,"retryReasons":[],"status":"passed","title":"Should display responsibility string from list prop"}],"endTime":1755977770314,"message":"","name":"C:\\Users\\xanoo\\OneDrive\\Pulpit\\Front-End\\development\\portfolio-react\\src\\components\\ExperienceSection\\ExperienceSection.test.tsx","startTime":1755977760490,"status":"passed","summary":""},{"assertionResults":[{"ancestorTitles":["Error: "],"duration":15,"failureDetails":[],"failureMessages":[],"fullName":"Error:  Should have text equal to the error text prop","invocations":1,"location":null,"numPassingAsserts":1,"retryReasons":[],"status":"passed","title":"Should have text equal to the error text prop"}],"endTime":1755977770332,"message":"","name":"C:\\Users\\xanoo\\OneDrive\\Pulpit\\Front-End\\development\\portfolio-react\\src\\components\\Error\\Error.test.tsx","startTime":1755977769951,"status":"passed","summary":""},{"assertionResults":[{"ancestorTitles":["Loader: "],"duration":16,"failureDetails":[],"failureMessages":[],"fullName":"Loader:  Should be in the document","invocations":1,"location":null,"numPassingAsserts":1,"retryReasons":[],"status":"passed","title":"Should be in the document"},{"ancestorTitles":["Loader: "],"duration":4,"failureDetails":[],"failureMessages":[],"fullName":"Loader:  Should display svg","invocations":1,"location":null,"numPassingAsserts":1,"retryReasons":[],"status":"passed","title":"Should display svg"}],"endTime":1755977770409,"message":"","name":"C:\\Users\\xanoo\\OneDrive\\Pulpit\\Front-End\\development\\portfolio-react\\src\\components\\Loader\\Loader.test.tsx","startTime":1755977769969,"status":"passed","summary":""},{"assertionResults":[{"ancestorTitles":["ProjectFilter: "],"duration":151,"failureDetails":[],"failureMessages":[],"fullName":"ProjectFilter:  Should display text \"No active tag selected.\" if activeBadges array is empty","invocations":1,"location":null,"numPassingAsserts":1,"retryReasons":[],"status":"passed","title":"Should display text \"No active tag selected.\" if activeBadges array is empty"},{"ancestorTitles":["ProjectFilter: "],"duration":34,"failureDetails":[],"failureMessages":[],"fullName":"ProjectFilter:  Should display badges if activeBadges array is not empty","invocations":1,"location":null,"numPassingAsserts":2,"retryReasons":[],"status":"passed","title":"Should display badges if activeBadges array is not empty"},{"ancestorTitles":["ProjectFilter: "],"duration":31,"failureDetails":[],"failureMessages":[],"fullName":"ProjectFilter:  Should display button with id listbox-button","invocations":1,"location":null,"numPassingAsserts":1,"retryReasons":[],"status":"passed","title":"Should display button with id listbox-button"},{"ancestorTitles":["ProjectFilter: "],"duration":13,"failureDetails":[],"failureMessages":[],"fullName":"ProjectFilter:  Should display button with id listbox-button","invocations":1,"location":null,"numPassingAsserts":1,"retryReasons":[],"status":"passed","title":"Should display button with id listbox-button"},{"ancestorTitles":["ProjectFilter: "],"duration":96,"failureDetails":[],"failureMessages":[],"fullName":"ProjectFilter:  Should display ul with role listbox when listbox-trigger button in clicked ","invocations":1,"location":null,"numPassingAsserts":1,"retryReasons":[],"status":"passed","title":"Should display ul with role listbox when listbox-trigger button in clicked "},{"ancestorTitles":["ProjectFilter: "],"duration":62,"failureDetails":[],"failureMessages":[],"fullName":"ProjectFilter:  setActiveBadges function should be called on each listbox element click","invocations":1,"location":null,"numPassingAsserts":1,"retryReasons":[],"status":"passed","title":"setActiveBadges function should be called on each listbox element click"},{"ancestorTitles":["ProjectFilter: "],"duration":20,"failureDetails":[],"failureMessages":[],"fullName":"ProjectFilter:  handleBadgeClickMock function should be called on each badge button click","invocations":1,"location":null,"numPassingAsserts":1,"retryReasons":[],"status":"passed","title":"handleBadgeClickMock function should be called on each badge button click"},{"ancestorTitles":["ProjectFilter: "],"duration":163,"failureDetails":[],"failureMessages":[],"fullName":"ProjectFilter:  should show ul on listbox button click","invocations":1,"location":null,"numPassingAsserts":1,"retryReasons":[],"status":"passed","title":"should show ul on listbox button click"}],"endTime":1755977770429,"message":"","name":"C:\\Users\\xanoo\\OneDrive\\Pulpit\\Front-End\\development\\portfolio-react\\src\\components\\ProjectFilter\\ProjectFilter.test.tsx","startTime":1755977760445,"status":"passed","summary":""},{"assertionResults":[{"ancestorTitles":["ProjectCard: "],"duration":76,"failureDetails":[],"failureMessages":[],"fullName":"ProjectCard:  Should display title if title prop was passed","invocations":1,"location":null,"numPassingAsserts":1,"retryReasons":[],"status":"passed","title":"Should display title if title prop was passed"},{"ancestorTitles":["ProjectCard: "],"duration":7,"failureDetails":[],"failureMessages":[],"fullName":"ProjectCard:  Should display description if description prop was passed","invocations":1,"location":null,"numPassingAsserts":1,"retryReasons":[],"status":"passed","title":"Should display description if description prop was passed"},{"ancestorTitles":["ProjectCard: "],"duration":9,"failureDetails":[],"failureMessages":[],"fullName":"ProjectCard:  Should display buttons if buttons array prop is passed & not empty","invocations":1,"location":null,"numPassingAsserts":2,"retryReasons":[],"status":"passed","title":"Should display buttons if buttons array prop is passed & not empty"},{"ancestorTitles":["ProjectCard: "],"duration":21,"failureDetails":[],"failureMessages":[],"fullName":"ProjectCard:  Should display badges text if badges array prop is passed & not empty","invocations":1,"location":null,"numPassingAsserts":2,"retryReasons":[],"status":"passed","title":"Should display badges text if badges array prop is passed & not empty"},{"ancestorTitles":["ProjectCard: "],"duration":19,"failureDetails":[],"failureMessages":[],"fullName":"ProjectCard:  handleBadgeClick should be called on badge click","invocations":1,"location":null,"numPassingAsserts":1,"retryReasons":[],"status":"passed","title":"handleBadgeClick should be called on badge click"},{"ancestorTitles":["ProjectCard: "],"duration":8,"failureDetails":[],"failureMessages":[],"fullName":"ProjectCard:  Badge should have classes bg-slate-900 text-slate-400 by default","invocations":1,"location":null,"numPassingAsserts":1,"retryReasons":[],"status":"passed","title":"Badge should have classes bg-slate-900 text-slate-400 by default"},{"ancestorTitles":["ProjectCard: "],"duration":6,"failureDetails":[],"failureMessages":[],"fullName":"ProjectCard:  Badge should have classes bg-custom-pink text-white if badge text is included in activeBadges array","invocations":1,"location":null,"numPassingAsserts":1,"retryReasons":[],"status":"passed","title":"Badge should have classes bg-custom-pink text-white if badge text is included in activeBadges array"}],"endTime":1755977770523,"message":"","name":"C:\\Users\\xanoo\\OneDrive\\Pulpit\\Front-End\\development\\portfolio-react\\src\\components\\ProjectCard\\ProjectCard.test.tsx","startTime":1755977760489,"status":"passed","summary":""},{"assertionResults":[{"ancestorTitles":["TooltipComponent: "],"duration":232,"failureDetails":[],"failureMessages":[],"fullName":"TooltipComponent:  Child element should have attribute data-state=\"closed\" at the start","invocations":1,"location":null,"numPassingAsserts":1,"retryReasons":[],"status":"passed","title":"Child element should have attribute data-state=\"closed\" at the start"},{"ancestorTitles":["TooltipComponent: "],"duration":180,"failureDetails":[],"failureMessages":[],"fullName":"TooltipComponent:  Child element should have attribute data-state=\"instant-open\" if defaultOpen was passed","invocations":1,"location":null,"numPassingAsserts":1,"retryReasons":[],"status":"passed","title":"Child element should have attribute data-state=\"instant-open\" if defaultOpen was passed"},{"ancestorTitles":["TooltipComponent: "],"duration":758,"failureDetails":[],"failureMessages":[],"fullName":"TooltipComponent:  Child element should have attribute data-state=\"delayed-open\" on hover","invocations":1,"location":null,"numPassingAsserts":1,"retryReasons":[],"status":"passed","title":"Child element should have attribute data-state=\"delayed-open\" on hover"}],"endTime":1755977771151,"message":"","name":"C:\\Users\\xanoo\\OneDrive\\Pulpit\\Front-End\\development\\portfolio-react\\src\\components\\TooltipComponent\\TooltipComponent.test.tsx","startTime":1755977760462,"status":"passed","summary":""}],"wasInterrupted":false}
