{"numFailedTestSuites":1,"numFailedTests":0,"numPassedTestSuites":7,"numPassedTests":17,"numPendingTestSuites":0,"numPendingTests":0,"numRuntimeErrorTestSuites":1,"numTodoTests":0,"numTotalTestSuites":8,"numTotalTests":17,"openHandles":[],"snapshot":{"added":0,"didUpdate":false,"failure":false,"filesAdded":0,"filesRemoved":0,"filesRemovedList":[],"filesUnmatched":0,"filesUpdated":0,"matched":0,"total":0,"unchecked":0,"uncheckedKeysByFile":[],"unmatched":0,"updated":0},"startTime":1713179510703,"success":false,"testResults":[{"assertionResults":[{"ancestorTitles":["Loader: "],"duration":145,"failureDetails":[],"failureMessages":[],"fullName":"Loader:  Should be in the document","invocations":1,"location":null,"numPassingAsserts":1,"retryReasons":[],"status":"passed","title":"Should be in the document"}],"endTime":1713179525385,"message":"","name":"C:\\Users\\xanoo\\OneDrive\\Pulpit\\Front-End\\development\\portfolio-react\\src\\components\\Loader\\Loader.test.tsx","startTime":1713179512793,"status":"passed","summary":""},{"assertionResults":[{"ancestorTitles":["Error: "],"duration":176,"failureDetails":[],"failureMessages":[],"fullName":"Error:  Should have text equal to the error text prop","invocations":1,"location":null,"numPassingAsserts":1,"retryReasons":[],"status":"passed","title":"Should have text equal to the error text prop"}],"endTime":1713179533819,"message":"","name":"C:\\Users\\xanoo\\OneDrive\\Pulpit\\Front-End\\development\\portfolio-react\\src\\components\\Error\\Error.test.tsx","startTime":1713179512842,"status":"passed","summary":""},{"assertionResults":[{"ancestorTitles":["DownloadFileButton: "],"duration":158,"failureDetails":[],"failureMessages":[],"fullName":"DownloadFileButton:  Should have text equal to the DownloadFileButton text prop","invocations":1,"location":null,"numPassingAsserts":1,"retryReasons":[],"status":"passed","title":"Should have text equal to the DownloadFileButton text prop"},{"ancestorTitles":["DownloadFileButton: "],"duration":11,"failureDetails":[],"failureMessages":[],"fullName":"DownloadFileButton:  Should have classes bg-custom-blue ring-custom-blue if variant prop was not passed","invocations":1,"location":null,"numPassingAsserts":1,"retryReasons":[],"status":"passed","title":"Should have classes bg-custom-blue ring-custom-blue if variant prop was not passed"},{"ancestorTitles":["DownloadFileButton: "],"duration":12,"failureDetails":[],"failureMessages":[],"fullName":"DownloadFileButton:  Should have class bg-custom-blue ring-custom-blue if variant prop is equal to primary","invocations":1,"location":null,"numPassingAsserts":1,"retryReasons":[],"status":"passed","title":"Should have class bg-custom-blue ring-custom-blue if variant prop is equal to primary"}],"endTime":1713179534759,"message":"","name":"C:\\Users\\xanoo\\OneDrive\\Pulpit\\Front-End\\development\\portfolio-react\\src\\components\\DownloadFileButton\\DownloadFileButton.test.tsx","startTime":1713179512781,"status":"passed","summary":""},{"assertionResults":[{"ancestorTitles":["Button: "],"duration":113,"failureDetails":[],"failureMessages":[],"fullName":"Button:  Should have text equal to the button text prop","invocations":1,"location":null,"numPassingAsserts":1,"retryReasons":[],"status":"passed","title":"Should have text equal to the button text prop"},{"ancestorTitles":["Button: "],"duration":7,"failureDetails":[],"failureMessages":[],"fullName":"Button:  Should have classes bg-custom-blue ring-custom-blue if variant prop was not passed","invocations":1,"location":null,"numPassingAsserts":1,"retryReasons":[],"status":"passed","title":"Should have classes bg-custom-blue ring-custom-blue if variant prop was not passed"},{"ancestorTitles":["Button: "],"duration":21,"failureDetails":[],"failureMessages":[],"fullName":"Button:  Should have class bg-custom-blue ring-custom-blue if variant prop is equal to primary","invocations":1,"location":null,"numPassingAsserts":1,"retryReasons":[],"status":"passed","title":"Should have class bg-custom-blue ring-custom-blue if variant prop is equal to primary"}],"endTime":1713179535086,"message":"","name":"C:\\Users\\xanoo\\OneDrive\\Pulpit\\Front-End\\development\\portfolio-react\\src\\components\\Button\\Button.test.tsx","startTime":1713179512800,"status":"passed","summary":""},{"assertionResults":[{"ancestorTitles":["Badge: "],"duration":98,"failureDetails":[],"failureMessages":[],"fullName":"Badge:  Should have text equal to the badge text prop","invocations":1,"location":null,"numPassingAsserts":1,"retryReasons":[],"status":"passed","title":"Should have text equal to the badge text prop"},{"ancestorTitles":["Badge: "],"duration":14,"failureDetails":[],"failureMessages":[],"fullName":"Badge:  Should have classes bg-slate-400 text-slate-700 if variant prop was not passed","invocations":1,"location":null,"numPassingAsserts":1,"retryReasons":[],"status":"passed","title":"Should have classes bg-slate-400 text-slate-700 if variant prop was not passed"},{"ancestorTitles":["Badge: "],"duration":9,"failureDetails":[],"failureMessages":[],"fullName":"Badge:  Should have classes bg-slate-400 text-slate-700 if variant prop is equal to main","invocations":1,"location":null,"numPassingAsserts":1,"retryReasons":[],"status":"passed","title":"Should have classes bg-slate-400 text-slate-700 if variant prop is equal to main"}],"endTime":1713179535288,"message":"","name":"C:\\Users\\xanoo\\OneDrive\\Pulpit\\Front-End\\development\\portfolio-react\\src\\components\\Badge\\Badge.test.tsx","startTime":1713179512801,"status":"passed","summary":""},{"assertionResults":[],"coverage":{},"endTime":1713179535964,"message":"  \u001b[1m● \u001b[22mTest suite failed to run\n\n    \u001b[31m\u001b[1mConfiguration error\u001b[22m:\u001b[39m\n    \u001b[31m\u001b[39m\n    \u001b[31mCould not locate module \u001b[1m../../img/storybook.svg\u001b[22m mapped as:\u001b[39m\n    \u001b[31m\u001b[1mC:\\Users\\xanoo\\OneDrive\\Pulpit\\Front-End\\development\\portfolio-react\\src\\test\\__ mocks __\\fileMock.js\u001b[22m.\u001b[39m\n    \u001b[31m\u001b[39m\n    \u001b[31mPlease check your configuration for these entries:\u001b[39m\n    \u001b[31m{\u001b[39m\n    \u001b[31m  \"moduleNameMapper\": {\u001b[39m\n    \u001b[31m    \"/\\.(gif|ttf|eot|svg|png)$/\": \"\u001b[1mC:\\Users\\xanoo\\OneDrive\\Pulpit\\Front-End\\development\\portfolio-react\\src\\test\\__ mocks __\\fileMock.js\u001b[22m\"\u001b[39m\n    \u001b[31m  },\u001b[39m\n    \u001b[31m  \"resolver\": \u001b[1mundefined\u001b[22m\u001b[39m\n    \u001b[31m}\u001b[39m\n\n    \u001b[0m \u001b[90m 1 |\u001b[39m \u001b[36mimport\u001b[39m { \u001b[33mNavLink\u001b[39m } \u001b[36mfrom\u001b[39m \u001b[32m'react-router-dom'\u001b[39m\u001b[33m;\u001b[39m\u001b[0m\n    \u001b[0m \u001b[90m 2 |\u001b[39m \u001b[36mimport\u001b[39m { \u001b[33mNavbarProps\u001b[39m } \u001b[36mfrom\u001b[39m \u001b[32m'../../interfaces'\u001b[39m\u001b[33m;\u001b[39m\u001b[0m\n    \u001b[0m\u001b[31m\u001b[1m>\u001b[22m\u001b[39m\u001b[90m 3 |\u001b[39m \u001b[36mimport\u001b[39m storybookSvgPath \u001b[36mfrom\u001b[39m \u001b[32m'../../img/storybook.svg'\u001b[39m\u001b[33m;\u001b[39m\u001b[0m\n    \u001b[0m \u001b[90m   |\u001b[39m \u001b[31m\u001b[1m^\u001b[22m\u001b[39m\u001b[0m\n    \u001b[0m \u001b[90m 4 |\u001b[39m \u001b[36mimport\u001b[39m logoPath \u001b[36mfrom\u001b[39m \u001b[32m'../../img/react-logo.svg'\u001b[39m\u001b[33m;\u001b[39m\u001b[0m\n    \u001b[0m \u001b[90m 5 |\u001b[39m\u001b[0m\n    \u001b[0m \u001b[90m 6 |\u001b[39m \u001b[36mexport\u001b[39m \u001b[36mdefault\u001b[39m \u001b[36mfunction\u001b[39m \u001b[33mNavbar\u001b[39m({ navigation\u001b[33m,\u001b[39m storybookLink }\u001b[33m:\u001b[39m \u001b[33mNavbarProps\u001b[39m) {\u001b[0m\n\n      \u001b[2mat createNoMappedModuleFoundError (\u001b[22m../node_modules/jest-resolve/build/resolver.js\u001b[2m:759:17)\u001b[22m\n      \u001b[2mat Object.<anonymous> (\u001b[22mcomponents/Navbar/Navbar.tsx\u001b[2m:3:1)\u001b[22m\n      \u001b[2mat Object.<anonymous> (\u001b[22m\u001b[0m\u001b[36mcomponents/Navbar/Navbar.test.tsx\u001b[39m\u001b[0m\u001b[2m:3:1)\u001b[22m\n","name":"C:\\Users\\xanoo\\OneDrive\\Pulpit\\Front-End\\development\\portfolio-react\\src\\components\\Navbar\\Navbar.test.tsx","startTime":1713179535964,"status":"failed","summary":""},{"assertionResults":[{"ancestorTitles":["ProjectCard: "],"duration":57,"failureDetails":[],"failureMessages":[],"fullName":"ProjectCard:  Should display title if title prop was passed","invocations":1,"location":null,"numPassingAsserts":1,"retryReasons":[],"status":"passed","title":"Should display title if title prop was passed"},{"ancestorTitles":["ProjectCard: "],"duration":7,"failureDetails":[],"failureMessages":[],"fullName":"ProjectCard:  Should display description if description prop was passed","invocations":1,"location":null,"numPassingAsserts":1,"retryReasons":[],"status":"passed","title":"Should display description if description prop was passed"},{"ancestorTitles":["ProjectCard: "],"duration":14,"failureDetails":[],"failureMessages":[],"fullName":"ProjectCard:  Should display badges.text if badges array prop is passed & not empty","invocations":1,"location":null,"numPassingAsserts":2,"retryReasons":[],"status":"passed","title":"Should display badges.text if badges array prop is passed & not empty"},{"ancestorTitles":["ProjectCard: "],"duration":7,"failureDetails":[],"failureMessages":[],"fullName":"ProjectCard:  Should display buttons if buttons array prop is passed & not empty","invocations":1,"location":null,"numPassingAsserts":2,"retryReasons":[],"status":"passed","title":"Should display buttons if buttons array prop is passed & not empty"}],"endTime":1713179535732,"message":"","name":"C:\\Users\\xanoo\\OneDrive\\Pulpit\\Front-End\\development\\portfolio-react\\src\\components\\ProjectCard\\ProjectCard.test.tsx","startTime":1713179512817,"status":"passed","summary":""},{"assertionResults":[{"ancestorTitles":["ProjectFilter: "],"duration":84,"failureDetails":[],"failureMessages":[],"fullName":"ProjectFilter:  Should display text \"No active tag selected.\" if activeBadges array is empty","invocations":1,"location":null,"numPassingAsserts":1,"retryReasons":[],"status":"passed","title":"Should display text \"No active tag selected.\" if activeBadges array is empty"},{"ancestorTitles":["ProjectFilter: "],"duration":17,"failureDetails":[],"failureMessages":[],"fullName":"ProjectFilter:  Should display badges if activeBadges array is not empty","invocations":1,"location":null,"numPassingAsserts":2,"retryReasons":[],"status":"passed","title":"Should display badges if activeBadges array is not empty"}],"endTime":1713179535814,"message":"","name":"C:\\Users\\xanoo\\OneDrive\\Pulpit\\Front-End\\development\\portfolio-react\\src\\components\\ProjectFilter\\ProjectFilter.test.tsx","startTime":1713179512807,"status":"passed","summary":""}],"wasInterrupted":false}
